<?xml version="1.0" encoding="UTF-8"?>
<coverage generated="1640182398604" clover="3.2.0">
  <project timestamp="1640182398604" name="All files">
    <metrics statements="96" coveredstatements="91" conditionals="81" coveredconditionals="72" methods="21" coveredmethods="20" elements="198" coveredelements="183" complexity="0" loc="96" ncloc="96" packages="3" files="5" classes="5"/>
    <package name="frontend-project-lvl2">
      <metrics statements="40" coveredstatements="38" conditionals="29" coveredconditionals="25" methods="8" coveredmethods="8"/>
      <file name="index.js" path="/home/solo/frontend-project-lvl2/index.js">
        <metrics statements="40" coveredstatements="38" conditionals="29" coveredconditionals="25" methods="8" coveredmethods="8"/>
        <line num="7" count="1" type="stmt"/>
        <line num="8" count="28" type="stmt"/>
        <line num="9" count="28" type="stmt"/>
        <line num="10" count="28" type="stmt"/>
        <line num="11" count="28" type="stmt"/>
        <line num="14" count="1" type="stmt"/>
        <line num="15" count="128" type="cond" truecount="4" falsecount="0"/>
        <line num="16" count="48" type="stmt"/>
        <line num="18" count="80" type="cond" truecount="4" falsecount="0"/>
        <line num="19" count="24" type="stmt"/>
        <line num="21" count="56" type="cond" truecount="3" falsecount="1"/>
        <line num="22" count="56" type="cond" truecount="2" falsecount="0"/>
        <line num="23" count="36" type="stmt"/>
        <line num="25" count="20" type="cond" truecount="1" falsecount="1"/>
        <line num="26" count="20" type="stmt"/>
        <line num="29" count="0" type="stmt"/>
        <line num="32" count="38" type="stmt"/>
        <line num="33" count="152" type="cond" truecount="2" falsecount="0"/>
        <line num="34" count="38" type="stmt"/>
        <line num="36" count="114" type="stmt"/>
        <line num="37" count="300" type="cond" truecount="2" falsecount="0"/>
        <line num="38" count="90" type="stmt"/>
        <line num="40" count="210" type="stmt"/>
        <line num="42" count="114" type="stmt"/>
        <line num="45" count="1" type="stmt"/>
        <line num="46" count="38" type="stmt"/>
        <line num="47" count="38" type="stmt"/>
        <line num="48" count="152" type="stmt"/>
        <line num="49" count="152" type="stmt"/>
        <line num="50" count="152" type="cond" truecount="4" falsecount="0"/>
        <line num="51" count="24" type="stmt"/>
        <line num="56" count="128" type="stmt"/>
        <line num="67" count="1" type="cond" truecount="0" falsecount="1"/>
        <line num="68" count="14" type="stmt"/>
        <line num="69" count="14" type="stmt"/>
        <line num="70" count="14" type="cond" truecount="3" falsecount="1"/>
        <line num="72" count="10" type="stmt"/>
        <line num="75" count="2" type="stmt"/>
        <line num="78" count="2" type="stmt"/>
        <line num="81" count="0" type="stmt"/>
      </file>
    </package>
    <package name="frontend-project-lvl2.src">
      <metrics statements="11" coveredstatements="10" conditionals="16" coveredconditionals="13" methods="3" coveredmethods="3"/>
      <file name="parsers.js" path="/home/solo/frontend-project-lvl2/src/parsers.js">
        <metrics statements="8" coveredstatements="7" conditionals="12" coveredconditionals="9" methods="1" coveredmethods="1"/>
        <line num="3" count="1" type="stmt"/>
        <line num="4" count="28" type="cond" truecount="2" falsecount="0"/>
        <line num="5" count="1" type="stmt"/>
        <line num="7" count="27" type="cond" truecount="3" falsecount="1"/>
        <line num="9" count="13" type="cond" truecount="1" falsecount="1"/>
        <line num="11" count="7" type="cond" truecount="2" falsecount="0"/>
        <line num="13" count="7" type="cond" truecount="1" falsecount="1"/>
        <line num="15" count="0" type="stmt"/>
      </file>
      <file name="shared.js" path="/home/solo/frontend-project-lvl2/src/shared.js">
        <metrics statements="3" coveredstatements="3" conditionals="4" coveredconditionals="4" methods="2" coveredmethods="2"/>
        <line num="1" count="100" type="stmt"/>
        <line num="3" count="1" type="stmt"/>
        <line num="4" count="116" type="cond" truecount="4" falsecount="0"/>
      </file>
    </package>
    <package name="frontend-project-lvl2.src.formatters">
      <metrics statements="45" coveredstatements="43" conditionals="36" coveredconditionals="34" methods="10" coveredmethods="9"/>
      <file name="plain.js" path="/home/solo/frontend-project-lvl2/src/formatters/plain.js">
        <metrics statements="25" coveredstatements="25" conditionals="16" coveredconditionals="16" methods="5" coveredmethods="5"/>
        <line num="3" count="1" type="stmt"/>
        <line num="4" count="26" type="cond" truecount="4" falsecount="0"/>
        <line num="5" count="6" type="stmt"/>
        <line num="7" count="20" type="stmt"/>
        <line num="9" count="1" type="stmt"/>
        <line num="10" count="26" type="cond" truecount="4" falsecount="0"/>
        <line num="11" count="12" type="stmt"/>
        <line num="13" count="14" type="stmt"/>
        <line num="17" count="2" type="cond" truecount="2" falsecount="0"/>
        <line num="18" count="10" type="stmt"/>
        <line num="19" count="10" type="stmt"/>
        <line num="20" count="36" type="stmt"/>
        <line num="21" count="36" type="stmt"/>
        <line num="22" count="36" type="cond" truecount="2" falsecount="0"/>
        <line num="23" count="28" type="stmt"/>
        <line num="24" count="28" type="stmt"/>
        <line num="25" count="28" type="stmt"/>
        <line num="26" count="28" type="cond" truecount="4" falsecount="0"/>
        <line num="28" count="10" type="stmt"/>
        <line num="30" count="4" type="stmt"/>
        <line num="32" count="8" type="stmt"/>
        <line num="33" count="6" type="stmt"/>
        <line num="36" count="8" type="stmt"/>
        <line num="41" count="2" type="stmt"/>
        <line num="42" count="2" type="stmt"/>
      </file>
      <file name="stylish.js" path="/home/solo/frontend-project-lvl2/src/formatters/stylish.js">
        <metrics statements="20" coveredstatements="18" conditionals="20" coveredconditionals="18" methods="5" coveredmethods="4"/>
        <line num="3" count="1" type="stmt"/>
        <line num="5" count="1" type="stmt"/>
        <line num="6" count="8" type="stmt"/>
        <line num="7" count="8" type="cond" truecount="1" falsecount="1"/>
        <line num="8" count="8" type="stmt"/>
        <line num="13" count="0" type="stmt"/>
        <line num="16" count="18" type="stmt"/>
        <line num="17" count="80" type="stmt"/>
        <line num="18" count="80" type="cond" truecount="2" falsecount="0"/>
        <line num="19" count="72" type="stmt"/>
        <line num="20" count="72" type="cond" truecount="4" falsecount="0"/>
        <line num="21" count="72" type="cond" truecount="4" falsecount="0"/>
        <line num="22" count="72" type="cond" truecount="4" falsecount="1"/>
        <line num="23" count="28" type="stmt"/>
        <line num="24" count="16" type="stmt"/>
        <line num="25" count="20" type="stmt"/>
        <line num="26" count="8" type="stmt"/>
        <line num="27" count="0" type="stmt"/>
        <line num="30" count="8" type="stmt"/>
        <line num="33" count="100" type="stmt"/>
      </file>
    </package>
  </project>
</coverage>
