<?xml version="1.0" encoding="UTF-8"?>
<coverage generated="1635279221426" clover="3.2.0">
  <project timestamp="1635279221426" name="All files">
    <metrics statements="26" coveredstatements="26" conditionals="12" coveredconditionals="11" methods="4" coveredmethods="4" elements="42" coveredelements="41" complexity="0" loc="26" ncloc="26" packages="1" files="1" classes="1"/>
    <file name="index.js" path="/home/solo/frontend-project-lvl2/index.js">
      <metrics statements="26" coveredstatements="26" conditionals="12" coveredconditionals="11" methods="4" coveredmethods="4"/>
      <line num="4" count="1" type="stmt"/>
      <line num="5" count="4" type="stmt"/>
      <line num="6" count="4" type="stmt"/>
      <line num="7" count="4" type="stmt"/>
      <line num="8" count="4" type="stmt"/>
      <line num="9" count="4" type="stmt"/>
      <line num="10" count="4" type="stmt"/>
      <line num="11" count="4" type="stmt"/>
      <line num="12" count="4" type="stmt"/>
      <line num="13" count="4" type="stmt"/>
      <line num="14" count="22" type="cond" truecount="4" falsecount="0"/>
      <line num="15" count="22" type="stmt"/>
      <line num="17" count="4" type="stmt"/>
      <line num="18" count="22" type="cond" truecount="2" falsecount="0"/>
      <line num="19" count="1" type="stmt"/>
      <line num="20" count="1" type="stmt"/>
      <line num="22" count="21" type="cond" truecount="2" falsecount="0"/>
      <line num="23" count="9" type="stmt"/>
      <line num="24" count="9" type="stmt"/>
      <line num="26" count="12" type="cond" truecount="2" falsecount="0"/>
      <line num="27" count="6" type="stmt"/>
      <line num="28" count="6" type="stmt"/>
      <line num="30" count="6" type="cond" truecount="1" falsecount="1"/>
      <line num="31" count="6" type="stmt"/>
      <line num="32" count="6" type="stmt"/>
      <line num="35" count="28" type="stmt"/>
    </file>
  </project>
</coverage>
