{"/home/solo/frontend-project-lvl2/index.js": {"path":"/home/solo/frontend-project-lvl2/index.js","statementMap":{"0":{"start":{"line":7,"column":18},"end":{"line":12,"column":1}},"1":{"start":{"line":8,"column":24},"end":{"line":8,"column":71}},"2":{"start":{"line":9,"column":15},"end":{"line":9,"column":91}},"3":{"start":{"line":10,"column":17},"end":{"line":10,"column":48}},"4":{"start":{"line":11,"column":2},"end":{"line":11,"column":29}},"5":{"start":{"line":14,"column":16},"end":{"line":30,"column":1}},"6":{"start":{"line":15,"column":2},"end":{"line":17,"column":3}},"7":{"start":{"line":16,"column":4},"end":{"line":16,"column":19}},"8":{"start":{"line":18,"column":2},"end":{"line":20,"column":3}},"9":{"start":{"line":19,"column":4},"end":{"line":19,"column":21}},"10":{"start":{"line":21,"column":2},"end":{"line":28,"column":3}},"11":{"start":{"line":22,"column":4},"end":{"line":24,"column":5}},"12":{"start":{"line":23,"column":6},"end":{"line":23,"column":23}},"13":{"start":{"line":25,"column":4},"end":{"line":27,"column":5}},"14":{"start":{"line":26,"column":6},"end":{"line":26,"column":26}},"15":{"start":{"line":29,"column":2},"end":{"line":29,"column":14}},"16":{"start":{"line":32,"column":18},"end":{"line":43,"column":6}},"17":{"start":{"line":32,"column":27},"end":{"line":43,"column":6}},"18":{"start":{"line":33,"column":2},"end":{"line":35,"column":3}},"19":{"start":{"line":34,"column":4},"end":{"line":34,"column":18}},"20":{"start":{"line":36,"column":15},"end":{"line":41,"column":14}},"21":{"start":{"line":37,"column":4},"end":{"line":39,"column":5}},"22":{"start":{"line":38,"column":6},"end":{"line":38,"column":51}},"23":{"start":{"line":40,"column":4},"end":{"line":40,"column":49}},"24":{"start":{"line":42,"column":2},"end":{"line":42,"column":40}},"25":{"start":{"line":45,"column":32},"end":{"line":65,"column":1}},"26":{"start":{"line":46,"column":19},"end":{"line":46,"column":95}},"27":{"start":{"line":47,"column":2},"end":{"line":64,"column":9}},"28":{"start":{"line":48,"column":19},"end":{"line":48,"column":28}},"29":{"start":{"line":49,"column":19},"end":{"line":49,"column":28}},"30":{"start":{"line":50,"column":4},"end":{"line":55,"column":5}},"31":{"start":{"line":51,"column":6},"end":{"line":54,"column":8}},"32":{"start":{"line":56,"column":4},"end":{"line":63,"column":6}},"33":{"start":{"line":67,"column":16},"end":{"line":84,"column":1}},"34":{"start":{"line":68,"column":15},"end":{"line":68,"column":35}},"35":{"start":{"line":69,"column":15},"end":{"line":69,"column":35}},"36":{"start":{"line":70,"column":2},"end":{"line":83,"column":3}},"37":{"start":{"line":72,"column":6},"end":{"line":72,"column":57}},"38":{"start":{"line":75,"column":6},"end":{"line":75,"column":49}},"39":{"start":{"line":78,"column":6},"end":{"line":78,"column":58}},"40":{"start":{"line":81,"column":6},"end":{"line":81,"column":56}}},"fnMap":{"0":{"name":"(anonymous_0)","decl":{"start":{"line":7,"column":18},"end":{"line":7,"column":19}},"loc":{"start":{"line":7,"column":32},"end":{"line":12,"column":1}},"line":7},"1":{"name":"(anonymous_1)","decl":{"start":{"line":14,"column":16},"end":{"line":14,"column":17}},"loc":{"start":{"line":14,"column":37},"end":{"line":30,"column":1}},"line":14},"2":{"name":"(anonymous_2)","decl":{"start":{"line":32,"column":18},"end":{"line":32,"column":19}},"loc":{"start":{"line":32,"column":27},"end":{"line":43,"column":6}},"line":32},"3":{"name":"(anonymous_3)","decl":{"start":{"line":32,"column":38},"end":{"line":32,"column":39}},"loc":{"start":{"line":32,"column":53},"end":{"line":43,"column":1}},"line":32},"4":{"name":"(anonymous_4)","decl":{"start":{"line":36,"column":26},"end":{"line":36,"column":27}},"loc":{"start":{"line":36,"column":45},"end":{"line":41,"column":3}},"line":36},"5":{"name":"(anonymous_5)","decl":{"start":{"line":45,"column":32},"end":{"line":45,"column":33}},"loc":{"start":{"line":45,"column":48},"end":{"line":65,"column":1}},"line":45},"6":{"name":"(anonymous_6)","decl":{"start":{"line":47,"column":25},"end":{"line":47,"column":26}},"loc":{"start":{"line":47,"column":40},"end":{"line":64,"column":3}},"line":47},"7":{"name":"(anonymous_7)","decl":{"start":{"line":67,"column":16},"end":{"line":67,"column":17}},"loc":{"start":{"line":67,"column":62},"end":{"line":84,"column":1}},"line":67}},"branchMap":{"0":{"loc":{"start":{"line":15,"column":2},"end":{"line":17,"column":3}},"type":"if","locations":[{"start":{"line":15,"column":2},"end":{"line":17,"column":3}},{"start":{"line":15,"column":2},"end":{"line":17,"column":3}}],"line":15},"1":{"loc":{"start":{"line":15,"column":6},"end":{"line":15,"column":37}},"type":"binary-expr","locations":[{"start":{"line":15,"column":6},"end":{"line":15,"column":20}},{"start":{"line":15,"column":25},"end":{"line":15,"column":36}}],"line":15},"2":{"loc":{"start":{"line":18,"column":2},"end":{"line":20,"column":3}},"type":"if","locations":[{"start":{"line":18,"column":2},"end":{"line":20,"column":3}},{"start":{"line":18,"column":2},"end":{"line":20,"column":3}}],"line":18},"3":{"loc":{"start":{"line":18,"column":6},"end":{"line":18,"column":37}},"type":"binary-expr","locations":[{"start":{"line":18,"column":7},"end":{"line":18,"column":18}},{"start":{"line":18,"column":23},"end":{"line":18,"column":37}}],"line":18},"4":{"loc":{"start":{"line":21,"column":2},"end":{"line":28,"column":3}},"type":"if","locations":[{"start":{"line":21,"column":2},"end":{"line":28,"column":3}},{"start":{"line":21,"column":2},"end":{"line":28,"column":3}}],"line":21},"5":{"loc":{"start":{"line":21,"column":6},"end":{"line":21,"column":36}},"type":"binary-expr","locations":[{"start":{"line":21,"column":7},"end":{"line":21,"column":18}},{"start":{"line":21,"column":24},"end":{"line":21,"column":35}}],"line":21},"6":{"loc":{"start":{"line":22,"column":4},"end":{"line":24,"column":5}},"type":"if","locations":[{"start":{"line":22,"column":4},"end":{"line":24,"column":5}},{"start":{"line":22,"column":4},"end":{"line":24,"column":5}}],"line":22},"7":{"loc":{"start":{"line":25,"column":4},"end":{"line":27,"column":5}},"type":"if","locations":[{"start":{"line":25,"column":4},"end":{"line":27,"column":5}},{"start":{"line":25,"column":4},"end":{"line":27,"column":5}}],"line":25},"8":{"loc":{"start":{"line":33,"column":2},"end":{"line":35,"column":3}},"type":"if","locations":[{"start":{"line":33,"column":2},"end":{"line":35,"column":3}},{"start":{"line":33,"column":2},"end":{"line":35,"column":3}}],"line":33},"9":{"loc":{"start":{"line":37,"column":4},"end":{"line":39,"column":5}},"type":"if","locations":[{"start":{"line":37,"column":4},"end":{"line":39,"column":5}},{"start":{"line":37,"column":4},"end":{"line":39,"column":5}}],"line":37},"10":{"loc":{"start":{"line":50,"column":4},"end":{"line":55,"column":5}},"type":"if","locations":[{"start":{"line":50,"column":4},"end":{"line":55,"column":5}},{"start":{"line":50,"column":4},"end":{"line":55,"column":5}}],"line":50},"11":{"loc":{"start":{"line":50,"column":8},"end":{"line":50,"column":64}},"type":"binary-expr","locations":[{"start":{"line":50,"column":8},"end":{"line":50,"column":34}},{"start":{"line":50,"column":38},"end":{"line":50,"column":64}}],"line":50},"12":{"loc":{"start":{"line":67,"column":39},"end":{"line":67,"column":57}},"type":"default-arg","locations":[{"start":{"line":67,"column":48},"end":{"line":67,"column":57}}],"line":67},"13":{"loc":{"start":{"line":70,"column":2},"end":{"line":83,"column":3}},"type":"switch","locations":[{"start":{"line":71,"column":4},"end":{"line":73,"column":5}},{"start":{"line":74,"column":4},"end":{"line":76,"column":5}},{"start":{"line":77,"column":4},"end":{"line":79,"column":5}},{"start":{"line":80,"column":4},"end":{"line":82,"column":5}}],"line":70}},"s":{"0":1,"1":28,"2":28,"3":28,"4":28,"5":1,"6":128,"7":48,"8":80,"9":24,"10":56,"11":56,"12":36,"13":20,"14":20,"15":0,"16":1,"17":38,"18":152,"19":38,"20":114,"21":300,"22":90,"23":210,"24":114,"25":1,"26":38,"27":38,"28":152,"29":152,"30":152,"31":24,"32":128,"33":1,"34":14,"35":14,"36":14,"37":10,"38":2,"39":2,"40":0},"f":{"0":28,"1":128,"2":38,"3":152,"4":300,"5":38,"6":152,"7":14},"b":{"0":[48,80],"1":[128,48],"2":[24,56],"3":[80,80],"4":[56,0],"5":[56,56],"6":[36,20],"7":[20,0],"8":[38,114],"9":[90,210],"10":[24,128],"11":[152,36],"12":[0],"13":[10,2,2,0]},"_coverageSchema":"1a1c01bbd47fc00a2c39e90264f33305004495a9","hash":"62e520fc3cf6b5a366b2cdc72d3d3060f1f835e3"}
,"/home/solo/frontend-project-lvl2/src/parsers.js": {"path":"/home/solo/frontend-project-lvl2/src/parsers.js","statementMap":{"0":{"start":{"line":3,"column":14},"end":{"line":17,"column":1}},"1":{"start":{"line":4,"column":2},"end":{"line":6,"column":3}},"2":{"start":{"line":5,"column":4},"end":{"line":5,"column":14}},"3":{"start":{"line":7,"column":2},"end":{"line":16,"column":3}},"4":{"start":{"line":9,"column":6},"end":{"line":9,"column":36}},"5":{"start":{"line":11,"column":6},"end":{"line":11,"column":35}},"6":{"start":{"line":13,"column":6},"end":{"line":13,"column":35}},"7":{"start":{"line":15,"column":6},"end":{"line":15,"column":42}}},"fnMap":{"0":{"name":"(anonymous_0)","decl":{"start":{"line":3,"column":14},"end":{"line":3,"column":15}},"loc":{"start":{"line":3,"column":32},"end":{"line":17,"column":1}},"line":3}},"branchMap":{"0":{"loc":{"start":{"line":4,"column":2},"end":{"line":6,"column":3}},"type":"if","locations":[{"start":{"line":4,"column":2},"end":{"line":6,"column":3}},{"start":{"line":4,"column":2},"end":{"line":6,"column":3}}],"line":4},"1":{"loc":{"start":{"line":7,"column":2},"end":{"line":16,"column":3}},"type":"switch","locations":[{"start":{"line":8,"column":4},"end":{"line":9,"column":36}},{"start":{"line":10,"column":4},"end":{"line":11,"column":35}},{"start":{"line":12,"column":4},"end":{"line":13,"column":35}},{"start":{"line":14,"column":4},"end":{"line":15,"column":42}}],"line":7},"2":{"loc":{"start":{"line":9,"column":13},"end":{"line":9,"column":35}},"type":"binary-expr","locations":[{"start":{"line":9,"column":13},"end":{"line":9,"column":29}},{"start":{"line":9,"column":33},"end":{"line":9,"column":35}}],"line":9},"3":{"loc":{"start":{"line":11,"column":13},"end":{"line":11,"column":34}},"type":"binary-expr","locations":[{"start":{"line":11,"column":13},"end":{"line":11,"column":28}},{"start":{"line":11,"column":32},"end":{"line":11,"column":34}}],"line":11},"4":{"loc":{"start":{"line":13,"column":13},"end":{"line":13,"column":34}},"type":"binary-expr","locations":[{"start":{"line":13,"column":13},"end":{"line":13,"column":28}},{"start":{"line":13,"column":32},"end":{"line":13,"column":34}}],"line":13}},"s":{"0":1,"1":28,"2":1,"3":27,"4":13,"5":7,"6":7,"7":0},"f":{"0":28},"b":{"0":[1,27],"1":[13,7,7,0],"2":[13,0],"3":[7,1],"4":[7,0]},"_coverageSchema":"1a1c01bbd47fc00a2c39e90264f33305004495a9","hash":"3d5deca3241df6ecc19ed1f73b937a40e5720252"}
,"/home/solo/frontend-project-lvl2/src/shared.js": {"path":"/home/solo/frontend-project-lvl2/src/shared.js","statementMap":{"0":{"start":{"line":1,"column":29},"end":{"line":1,"column":99}},"1":{"start":{"line":1,"column":39},"end":{"line":1,"column":99}},"2":{"start":{"line":3,"column":28},"end":{"line":8,"column":1}},"3":{"start":{"line":4,"column":2},"end":{"line":7,"column":30}}},"fnMap":{"0":{"name":"(anonymous_0)","decl":{"start":{"line":1,"column":29},"end":{"line":1,"column":30}},"loc":{"start":{"line":1,"column":39},"end":{"line":1,"column":99}},"line":1},"1":{"name":"(anonymous_1)","decl":{"start":{"line":3,"column":28},"end":{"line":3,"column":29}},"loc":{"start":{"line":4,"column":2},"end":{"line":7,"column":30}},"line":4}},"branchMap":{"0":{"loc":{"start":{"line":4,"column":2},"end":{"line":7,"column":30}},"type":"binary-expr","locations":[{"start":{"line":4,"column":2},"end":{"line":4,"column":17}},{"start":{"line":5,"column":7},"end":{"line":5,"column":22}},{"start":{"line":6,"column":7},"end":{"line":6,"column":20}},{"start":{"line":7,"column":7},"end":{"line":7,"column":30}}],"line":4}},"s":{"0":1,"1":100,"2":1,"3":116},"f":{"0":100,"1":116},"b":{"0":[116,100,100,100]},"_coverageSchema":"1a1c01bbd47fc00a2c39e90264f33305004495a9","hash":"3e6488555d5a2bbb8d8f5e0626cfced5e8060b0a"}
,"/home/solo/frontend-project-lvl2/src/formatters/plain.js": {"path":"/home/solo/frontend-project-lvl2/src/formatters/plain.js","statementMap":{"0":{"start":{"line":3,"column":21},"end":{"line":8,"column":1}},"1":{"start":{"line":4,"column":2},"end":{"line":6,"column":3}},"2":{"start":{"line":5,"column":4},"end":{"line":5,"column":29}},"3":{"start":{"line":7,"column":2},"end":{"line":7,"column":15}},"4":{"start":{"line":9,"column":24},"end":{"line":14,"column":1}},"5":{"start":{"line":10,"column":2},"end":{"line":12,"column":3}},"6":{"start":{"line":11,"column":4},"end":{"line":11,"column":17}},"7":{"start":{"line":13,"column":2},"end":{"line":13,"column":22}},"8":{"start":{"line":17,"column":13},"end":{"line":39,"column":3}},"9":{"start":{"line":18,"column":20},"end":{"line":18,"column":39}},"10":{"start":{"line":19,"column":4},"end":{"line":38,"column":18}},"11":{"start":{"line":20,"column":30},"end":{"line":20,"column":34}},"12":{"start":{"line":21,"column":19},"end":{"line":21,"column":40}},"13":{"start":{"line":22,"column":6},"end":{"line":37,"column":7}},"14":{"start":{"line":23,"column":21},"end":{"line":23,"column":29}},"15":{"start":{"line":24,"column":25},"end":{"line":24,"column":29}},"16":{"start":{"line":25,"column":27},"end":{"line":25,"column":41}},"17":{"start":{"line":26,"column":8},"end":{"line":34,"column":9}},"18":{"start":{"line":28,"column":12},"end":{"line":28,"column":126}},"19":{"start":{"line":30,"column":12},"end":{"line":30,"column":68}},"20":{"start":{"line":32,"column":12},"end":{"line":32,"column":169}},"21":{"start":{"line":33,"column":19},"end":{"line":33,"column":35}},"22":{"start":{"line":36,"column":8},"end":{"line":36,"column":39}},"23":{"start":{"line":41,"column":15},"end":{"line":41,"column":32}},"24":{"start":{"line":42,"column":2},"end":{"line":42,"column":30}}},"fnMap":{"0":{"name":"(anonymous_0)","decl":{"start":{"line":3,"column":21},"end":{"line":3,"column":22}},"loc":{"start":{"line":3,"column":32},"end":{"line":8,"column":1}},"line":3},"1":{"name":"(anonymous_1)","decl":{"start":{"line":9,"column":24},"end":{"line":9,"column":25}},"loc":{"start":{"line":9,"column":35},"end":{"line":14,"column":1}},"line":9},"2":{"name":"plain","decl":{"start":{"line":16,"column":24},"end":{"line":16,"column":29}},"loc":{"start":{"line":16,"column":38},"end":{"line":43,"column":1}},"line":16},"3":{"name":"(anonymous_3)","decl":{"start":{"line":17,"column":13},"end":{"line":17,"column":14}},"loc":{"start":{"line":17,"column":51},"end":{"line":39,"column":3}},"line":17},"4":{"name":"(anonymous_4)","decl":{"start":{"line":19,"column":26},"end":{"line":19,"column":27}},"loc":{"start":{"line":19,"column":41},"end":{"line":38,"column":5}},"line":19}},"branchMap":{"0":{"loc":{"start":{"line":4,"column":2},"end":{"line":6,"column":3}},"type":"if","locations":[{"start":{"line":4,"column":2},"end":{"line":6,"column":3}},{"start":{"line":4,"column":2},"end":{"line":6,"column":3}}],"line":4},"1":{"loc":{"start":{"line":4,"column":6},"end":{"line":4,"column":40}},"type":"binary-expr","locations":[{"start":{"line":4,"column":6},"end":{"line":4,"column":31}},{"start":{"line":4,"column":35},"end":{"line":4,"column":40}}],"line":4},"2":{"loc":{"start":{"line":10,"column":2},"end":{"line":12,"column":3}},"type":"if","locations":[{"start":{"line":10,"column":2},"end":{"line":12,"column":3}},{"start":{"line":10,"column":2},"end":{"line":12,"column":3}}],"line":10},"3":{"loc":{"start":{"line":10,"column":6},"end":{"line":10,"column":89}},"type":"binary-expr","locations":[{"start":{"line":10,"column":6},"end":{"line":10,"column":60}},{"start":{"line":10,"column":64},"end":{"line":10,"column":89}}],"line":10},"4":{"loc":{"start":{"line":17,"column":19},"end":{"line":17,"column":28}},"type":"default-arg","locations":[{"start":{"line":17,"column":26},"end":{"line":17,"column":28}}],"line":17},"5":{"loc":{"start":{"line":17,"column":30},"end":{"line":17,"column":46}},"type":"default-arg","locations":[{"start":{"line":17,"column":44},"end":{"line":17,"column":46}}],"line":17},"6":{"loc":{"start":{"line":22,"column":6},"end":{"line":37,"column":7}},"type":"if","locations":[{"start":{"line":22,"column":6},"end":{"line":37,"column":7}},{"start":{"line":22,"column":6},"end":{"line":37,"column":7}}],"line":22},"7":{"loc":{"start":{"line":26,"column":8},"end":{"line":34,"column":9}},"type":"switch","locations":[{"start":{"line":27,"column":10},"end":{"line":28,"column":126}},{"start":{"line":29,"column":10},"end":{"line":30,"column":68}},{"start":{"line":31,"column":10},"end":{"line":32,"column":169}},{"start":{"line":33,"column":10},"end":{"line":33,"column":35}}],"line":26}},"s":{"0":1,"1":26,"2":6,"3":20,"4":1,"5":26,"6":12,"7":14,"8":2,"9":10,"10":10,"11":36,"12":36,"13":36,"14":28,"15":28,"16":28,"17":28,"18":10,"19":4,"20":8,"21":6,"22":8,"23":2,"24":2},"f":{"0":26,"1":26,"2":2,"3":10,"4":36},"b":{"0":[6,20],"1":[26,8],"2":[12,14],"3":[26,14],"4":[2],"5":[2],"6":[28,8],"7":[10,4,8,6]},"_coverageSchema":"1a1c01bbd47fc00a2c39e90264f33305004495a9","hash":"00fd6d2b4222de2f69e10b284ef135df77d4731d"}
,"/home/solo/frontend-project-lvl2/src/formatters/stylish.js": {"path":"/home/solo/frontend-project-lvl2/src/formatters/stylish.js","statementMap":{"0":{"start":{"line":3,"column":29},"end":{"line":3,"column":99}},"1":{"start":{"line":3,"column":39},"end":{"line":3,"column":99}},"2":{"start":{"line":5,"column":23},"end":{"line":14,"column":1}},"3":{"start":{"line":6,"column":14},"end":{"line":6,"column":42}},"4":{"start":{"line":7,"column":2},"end":{"line":12,"column":3}},"5":{"start":{"line":8,"column":4},"end":{"line":11,"column":29}},"6":{"start":{"line":13,"column":2},"end":{"line":13,"column":12}},"7":{"start":{"line":16,"column":15},"end":{"line":32,"column":8}},"8":{"start":{"line":17,"column":24},"end":{"line":17,"column":28}},"9":{"start":{"line":18,"column":4},"end":{"line":31,"column":5}},"10":{"start":{"line":19,"column":23},"end":{"line":19,"column":27}},"11":{"start":{"line":20,"column":21},"end":{"line":20,"column":113}},"12":{"start":{"line":21,"column":21},"end":{"line":21,"column":113}},"13":{"start":{"line":22,"column":6},"end":{"line":28,"column":7}},"14":{"start":{"line":23,"column":22},"end":{"line":23,"column":61}},"15":{"start":{"line":24,"column":24},"end":{"line":24,"column":63}},"16":{"start":{"line":25,"column":24},"end":{"line":25,"column":86}},"17":{"start":{"line":26,"column":27},"end":{"line":26,"column":66}},"18":{"start":{"line":27,"column":17},"end":{"line":27,"column":33}},"19":{"start":{"line":30,"column":6},"end":{"line":30,"column":52}},"20":{"start":{"line":33,"column":2},"end":{"line":35,"column":46}},"21":{"start":{"line":33,"column":34},"end":{"line":33,"column":44}}},"fnMap":{"0":{"name":"(anonymous_0)","decl":{"start":{"line":3,"column":29},"end":{"line":3,"column":30}},"loc":{"start":{"line":3,"column":39},"end":{"line":3,"column":99}},"line":3},"1":{"name":"(anonymous_1)","decl":{"start":{"line":5,"column":23},"end":{"line":5,"column":24}},"loc":{"start":{"line":5,"column":32},"end":{"line":14,"column":1}},"line":5},"2":{"name":"stylish","decl":{"start":{"line":15,"column":24},"end":{"line":15,"column":31}},"loc":{"start":{"line":15,"column":63},"end":{"line":36,"column":1}},"line":15},"3":{"name":"(anonymous_3)","decl":{"start":{"line":16,"column":42},"end":{"line":16,"column":43}},"loc":{"start":{"line":16,"column":57},"end":{"line":32,"column":3}},"line":16},"4":{"name":"(anonymous_4)","decl":{"start":{"line":33,"column":25},"end":{"line":33,"column":26}},"loc":{"start":{"line":33,"column":34},"end":{"line":33,"column":44}},"line":33}},"branchMap":{"0":{"loc":{"start":{"line":7,"column":2},"end":{"line":12,"column":3}},"type":"if","locations":[{"start":{"line":7,"column":2},"end":{"line":12,"column":3}},{"start":{"line":7,"column":2},"end":{"line":12,"column":3}}],"line":7},"1":{"loc":{"start":{"line":15,"column":37},"end":{"line":15,"column":61}},"type":"default-arg","locations":[{"start":{"line":15,"column":56},"end":{"line":15,"column":61}}],"line":15},"2":{"loc":{"start":{"line":18,"column":4},"end":{"line":31,"column":5}},"type":"if","locations":[{"start":{"line":18,"column":4},"end":{"line":31,"column":5}},{"start":{"line":18,"column":4},"end":{"line":31,"column":5}}],"line":18},"3":{"loc":{"start":{"line":20,"column":21},"end":{"line":20,"column":113}},"type":"cond-expr","locations":[{"start":{"line":20,"column":72},"end":{"line":20,"column":99}},{"start":{"line":20,"column":102},"end":{"line":20,"column":113}}],"line":20},"4":{"loc":{"start":{"line":20,"column":22},"end":{"line":20,"column":68}},"type":"binary-expr","locations":[{"start":{"line":20,"column":22},"end":{"line":20,"column":53}},{"start":{"line":20,"column":57},"end":{"line":20,"column":68}}],"line":20},"5":{"loc":{"start":{"line":21,"column":21},"end":{"line":21,"column":113}},"type":"cond-expr","locations":[{"start":{"line":21,"column":72},"end":{"line":21,"column":99}},{"start":{"line":21,"column":102},"end":{"line":21,"column":113}}],"line":21},"6":{"loc":{"start":{"line":21,"column":22},"end":{"line":21,"column":68}},"type":"binary-expr","locations":[{"start":{"line":21,"column":22},"end":{"line":21,"column":53}},{"start":{"line":21,"column":57},"end":{"line":21,"column":68}}],"line":21},"7":{"loc":{"start":{"line":22,"column":6},"end":{"line":28,"column":7}},"type":"switch","locations":[{"start":{"line":23,"column":8},"end":{"line":23,"column":61}},{"start":{"line":24,"column":8},"end":{"line":24,"column":63}},{"start":{"line":25,"column":8},"end":{"line":25,"column":86}},{"start":{"line":26,"column":8},"end":{"line":26,"column":66}},{"start":{"line":27,"column":8},"end":{"line":27,"column":33}}],"line":22},"8":{"loc":{"start":{"line":35,"column":10},"end":{"line":35,"column":44}},"type":"cond-expr","locations":[{"start":{"line":35,"column":29},"end":{"line":35,"column":33}},{"start":{"line":35,"column":36},"end":{"line":35,"column":44}}],"line":35}},"s":{"0":1,"1":0,"2":1,"3":8,"4":8,"5":8,"6":0,"7":18,"8":80,"9":80,"10":72,"11":72,"12":72,"13":72,"14":28,"15":16,"16":20,"17":8,"18":0,"19":8,"20":18,"21":100},"f":{"0":0,"1":8,"2":18,"3":80,"4":100},"b":{"0":[8,0],"1":[8],"2":[72,8],"3":[4,68],"4":[72,4],"5":[4,68],"6":[72,6],"7":[28,16,20,8,0],"8":[10,8]},"_coverageSchema":"1a1c01bbd47fc00a2c39e90264f33305004495a9","hash":"e2a30d08315f9d67e541eb014c405bd0ba6192df"}
}
