{"/home/solo/frontend-project-lvl2/index.js": {"path":"/home/solo/frontend-project-lvl2/index.js","statementMap":{"0":{"start":{"line":4,"column":16},"end":{"line":36,"column":1}},"1":{"start":{"line":5,"column":24},"end":{"line":5,"column":71}},"2":{"start":{"line":6,"column":16},"end":{"line":6,"column":93}},"3":{"start":{"line":7,"column":16},"end":{"line":7,"column":93}},"4":{"start":{"line":8,"column":15},"end":{"line":8,"column":32}},"5":{"start":{"line":9,"column":15},"end":{"line":9,"column":32}},"6":{"start":{"line":10,"column":15},"end":{"line":10,"column":17}},"7":{"start":{"line":11,"column":20},"end":{"line":11,"column":41}},"8":{"start":{"line":12,"column":19},"end":{"line":12,"column":93}},"9":{"start":{"line":13,"column":16},"end":{"line":16,"column":8}},"10":{"start":{"line":14,"column":4},"end":{"line":14,"column":94}},"11":{"start":{"line":15,"column":4},"end":{"line":15,"column":15}},"12":{"start":{"line":17,"column":2},"end":{"line":34,"column":5}},"13":{"start":{"line":18,"column":4},"end":{"line":21,"column":5}},"14":{"start":{"line":19,"column":6},"end":{"line":19,"column":46}},"15":{"start":{"line":20,"column":6},"end":{"line":20,"column":13}},"16":{"start":{"line":22,"column":4},"end":{"line":25,"column":5}},"17":{"start":{"line":23,"column":6},"end":{"line":23,"column":46}},"18":{"start":{"line":24,"column":6},"end":{"line":24,"column":13}},"19":{"start":{"line":26,"column":4},"end":{"line":29,"column":5}},"20":{"start":{"line":27,"column":6},"end":{"line":27,"column":46}},"21":{"start":{"line":28,"column":6},"end":{"line":28,"column":13}},"22":{"start":{"line":30,"column":4},"end":{"line":33,"column":5}},"23":{"start":{"line":31,"column":6},"end":{"line":31,"column":46}},"24":{"start":{"line":32,"column":6},"end":{"line":32,"column":46}},"25":{"start":{"line":35,"column":2},"end":{"line":35,"column":63}},"26":{"start":{"line":35,"column":34},"end":{"line":35,"column":44}}},"fnMap":{"0":{"name":"(anonymous_0)","decl":{"start":{"line":4,"column":16},"end":{"line":4,"column":17}},"loc":{"start":{"line":4,"column":42},"end":{"line":36,"column":1}},"line":4},"1":{"name":"(anonymous_1)","decl":{"start":{"line":13,"column":32},"end":{"line":13,"column":33}},"loc":{"start":{"line":13,"column":46},"end":{"line":16,"column":3}},"line":13},"2":{"name":"(anonymous_2)","decl":{"start":{"line":17,"column":19},"end":{"line":17,"column":20}},"loc":{"start":{"line":17,"column":28},"end":{"line":34,"column":3}},"line":17},"3":{"name":"(anonymous_3)","decl":{"start":{"line":35,"column":25},"end":{"line":35,"column":26}},"loc":{"start":{"line":35,"column":34},"end":{"line":35,"column":44}},"line":35}},"branchMap":{"0":{"loc":{"start":{"line":14,"column":16},"end":{"line":14,"column":53}},"type":"cond-expr","locations":[{"start":{"line":14,"column":32},"end":{"line":14,"column":41}},{"start":{"line":14,"column":44},"end":{"line":14,"column":53}}],"line":14},"1":{"loc":{"start":{"line":14,"column":55},"end":{"line":14,"column":92}},"type":"cond-expr","locations":[{"start":{"line":14,"column":71},"end":{"line":14,"column":80}},{"start":{"line":14,"column":83},"end":{"line":14,"column":92}}],"line":14},"2":{"loc":{"start":{"line":18,"column":4},"end":{"line":21,"column":5}},"type":"if","locations":[{"start":{"line":18,"column":4},"end":{"line":21,"column":5}},{"start":{"line":18,"column":4},"end":{"line":21,"column":5}}],"line":18},"3":{"loc":{"start":{"line":22,"column":4},"end":{"line":25,"column":5}},"type":"if","locations":[{"start":{"line":22,"column":4},"end":{"line":25,"column":5}},{"start":{"line":22,"column":4},"end":{"line":25,"column":5}}],"line":22},"4":{"loc":{"start":{"line":26,"column":4},"end":{"line":29,"column":5}},"type":"if","locations":[{"start":{"line":26,"column":4},"end":{"line":29,"column":5}},{"start":{"line":26,"column":4},"end":{"line":29,"column":5}}],"line":26},"5":{"loc":{"start":{"line":30,"column":4},"end":{"line":33,"column":5}},"type":"if","locations":[{"start":{"line":30,"column":4},"end":{"line":33,"column":5}},{"start":{"line":30,"column":4},"end":{"line":33,"column":5}}],"line":30}},"s":{"0":1,"1":4,"2":4,"3":4,"4":4,"5":4,"6":4,"7":4,"8":4,"9":4,"10":22,"11":22,"12":4,"13":22,"14":1,"15":1,"16":21,"17":9,"18":9,"19":12,"20":6,"21":6,"22":6,"23":6,"24":6,"25":4,"26":28},"f":{"0":4,"1":22,"2":22,"3":28},"b":{"0":[13,9],"1":[16,6],"2":[1,21],"3":[9,12],"4":[6,6],"5":[6,0]},"_coverageSchema":"1a1c01bbd47fc00a2c39e90264f33305004495a9","hash":"21ac0ade26890012727cbc975d75a0b886d9c60a"}
}
