TN:
SF:index.js
FN:4,(anonymous_0)
FN:13,(anonymous_1)
FN:17,(anonymous_2)
FN:35,(anonymous_3)
FNF:4
FNH:4
FNDA:4,(anonymous_0)
FNDA:22,(anonymous_1)
FNDA:22,(anonymous_2)
FNDA:28,(anonymous_3)
DA:4,1
DA:5,4
DA:6,4
DA:7,4
DA:8,4
DA:9,4
DA:10,4
DA:11,4
DA:12,4
DA:13,4
DA:14,22
DA:15,22
DA:17,4
DA:18,22
DA:19,1
DA:20,1
DA:22,21
DA:23,9
DA:24,9
DA:26,12
DA:27,6
DA:28,6
DA:30,6
DA:31,6
DA:32,6
DA:35,28
LF:26
LH:26
BRDA:14,0,0,13
BRDA:14,0,1,9
BRDA:14,1,0,16
BRDA:14,1,1,6
BRDA:18,2,0,1
BRDA:18,2,1,21
BRDA:22,3,0,9
BRDA:22,3,1,12
BRDA:26,4,0,6
BRDA:26,4,1,6
BRDA:30,5,0,6
BRDA:30,5,1,0
BRF:12
BRH:11
end_of_record
