TN:
SF:index.js
FN:7,(anonymous_0)
FN:14,(anonymous_1)
FN:32,(anonymous_2)
FN:32,(anonymous_3)
FN:36,(anonymous_4)
FN:45,(anonymous_5)
FN:47,(anonymous_6)
FN:67,(anonymous_7)
FNF:8
FNH:8
FNDA:28,(anonymous_0)
FNDA:128,(anonymous_1)
FNDA:38,(anonymous_2)
FNDA:152,(anonymous_3)
FNDA:300,(anonymous_4)
FNDA:38,(anonymous_5)
FNDA:152,(anonymous_6)
FNDA:14,(anonymous_7)
DA:7,1
DA:8,28
DA:9,28
DA:10,28
DA:11,28
DA:14,1
DA:15,128
DA:16,48
DA:18,80
DA:19,24
DA:21,56
DA:22,56
DA:23,36
DA:25,20
DA:26,20
DA:29,0
DA:32,38
DA:33,152
DA:34,38
DA:36,114
DA:37,300
DA:38,90
DA:40,210
DA:42,114
DA:45,1
DA:46,38
DA:47,38
DA:48,152
DA:49,152
DA:50,152
DA:51,24
DA:56,128
DA:67,1
DA:68,14
DA:69,14
DA:70,14
DA:72,10
DA:75,2
DA:78,2
DA:81,0
LF:40
LH:38
BRDA:15,0,0,48
BRDA:15,0,1,80
BRDA:15,1,0,128
BRDA:15,1,1,48
BRDA:18,2,0,24
BRDA:18,2,1,56
BRDA:18,3,0,80
BRDA:18,3,1,80
BRDA:21,4,0,56
BRDA:21,4,1,0
BRDA:21,5,0,56
BRDA:21,5,1,56
BRDA:22,6,0,36
BRDA:22,6,1,20
BRDA:25,7,0,20
BRDA:25,7,1,0
BRDA:33,8,0,38
BRDA:33,8,1,114
BRDA:37,9,0,90
BRDA:37,9,1,210
BRDA:50,10,0,24
BRDA:50,10,1,128
BRDA:50,11,0,152
BRDA:50,11,1,36
BRDA:67,12,0,0
BRDA:70,13,0,10
BRDA:70,13,1,2
BRDA:70,13,2,2
BRDA:70,13,3,0
BRF:29
BRH:25
end_of_record
TN:
SF:src/parsers.js
FN:3,(anonymous_0)
FNF:1
FNH:1
FNDA:28,(anonymous_0)
DA:3,1
DA:4,28
DA:5,1
DA:7,27
DA:9,13
DA:11,7
DA:13,7
DA:15,0
LF:8
LH:7
BRDA:4,0,0,1
BRDA:4,0,1,27
BRDA:7,1,0,13
BRDA:7,1,1,7
BRDA:7,1,2,7
BRDA:7,1,3,0
BRDA:9,2,0,13
BRDA:9,2,1,0
BRDA:11,3,0,7
BRDA:11,3,1,1
BRDA:13,4,0,7
BRDA:13,4,1,0
BRF:12
BRH:9
end_of_record
TN:
SF:src/shared.js
FN:1,(anonymous_0)
FN:3,(anonymous_1)
FNF:2
FNH:2
FNDA:100,(anonymous_0)
FNDA:116,(anonymous_1)
DA:1,100
DA:3,1
DA:4,116
LF:3
LH:3
BRDA:4,0,0,116
BRDA:4,0,1,100
BRDA:4,0,2,100
BRDA:4,0,3,100
BRF:4
BRH:4
end_of_record
TN:
SF:src/formatters/plain.js
FN:3,(anonymous_0)
FN:9,(anonymous_1)
FN:16,plain
FN:17,(anonymous_3)
FN:19,(anonymous_4)
FNF:5
FNH:5
FNDA:26,(anonymous_0)
FNDA:26,(anonymous_1)
FNDA:2,plain
FNDA:10,(anonymous_3)
FNDA:36,(anonymous_4)
DA:3,1
DA:4,26
DA:5,6
DA:7,20
DA:9,1
DA:10,26
DA:11,12
DA:13,14
DA:17,2
DA:18,10
DA:19,10
DA:20,36
DA:21,36
DA:22,36
DA:23,28
DA:24,28
DA:25,28
DA:26,28
DA:28,10
DA:30,4
DA:32,8
DA:33,6
DA:36,8
DA:41,2
DA:42,2
LF:25
LH:25
BRDA:4,0,0,6
BRDA:4,0,1,20
BRDA:4,1,0,26
BRDA:4,1,1,8
BRDA:10,2,0,12
BRDA:10,2,1,14
BRDA:10,3,0,26
BRDA:10,3,1,14
BRDA:17,4,0,2
BRDA:17,5,0,2
BRDA:22,6,0,28
BRDA:22,6,1,8
BRDA:26,7,0,10
BRDA:26,7,1,4
BRDA:26,7,2,8
BRDA:26,7,3,6
BRF:16
BRH:16
end_of_record
TN:
SF:src/formatters/stylish.js
FN:3,(anonymous_0)
FN:5,(anonymous_1)
FN:15,stylish
FN:16,(anonymous_3)
FN:33,(anonymous_4)
FNF:5
FNH:4
FNDA:0,(anonymous_0)
FNDA:8,(anonymous_1)
FNDA:18,stylish
FNDA:80,(anonymous_3)
FNDA:100,(anonymous_4)
DA:3,1
DA:5,1
DA:6,8
DA:7,8
DA:8,8
DA:13,0
DA:16,18
DA:17,80
DA:18,80
DA:19,72
DA:20,72
DA:21,72
DA:22,72
DA:23,28
DA:24,16
DA:25,20
DA:26,8
DA:27,0
DA:30,8
DA:33,100
LF:20
LH:18
BRDA:7,0,0,8
BRDA:7,0,1,0
BRDA:15,1,0,8
BRDA:18,2,0,72
BRDA:18,2,1,8
BRDA:20,3,0,4
BRDA:20,3,1,68
BRDA:20,4,0,72
BRDA:20,4,1,4
BRDA:21,5,0,4
BRDA:21,5,1,68
BRDA:21,6,0,72
BRDA:21,6,1,6
BRDA:22,7,0,28
BRDA:22,7,1,16
BRDA:22,7,2,20
BRDA:22,7,3,8
BRDA:22,7,4,0
BRDA:35,8,0,10
BRDA:35,8,1,8
BRF:20
BRH:18
end_of_record
